<?xml version="1.0" encoding="UTF-8"?>
<!-- Generated by org.testng.reporters.JUnitReportReporter -->
<testsuite hostname="Amol" failures="0" tests="2" name="LoginTestClass" time="17.139" errors="0" timestamp="2022-03-23T14:05:33 IST" skipped="0">
  <testcase classname="LoginTestClass" name="verificationOfLogo" time="2.456"/>
  <system-out/>
  <testcase classname="LoginTestClass" name="verificationOfInitials" time="14.683"/>
  <system-out/>
</testsuite> <!-- LoginTestClass -->
