<?xml version="1.0" encoding="UTF-8"?>
<!-- Generated by org.testng.reporters.JUnitReportReporter -->
<testsuite hostname="Amol" failures="0" tests="2" name="com.automation.test.LoginTestClass" time="45.660" errors="0" timestamp="2022-03-31T12:08:31 IST" skipped="0">
  <testcase classname="com.automation.test.LoginTestClass" name="verificationOfLogo" time="4.945"/>
  <system-out/>
  <testcase classname="com.automation.test.LoginTestClass" name="verificationOfInitials" time="40.715"/>
  <system-out/>
</testsuite> <!-- com.automation.test.LoginTestClass -->
